[2017-01-24 15:40:13] START
[2017-02-03 01:50:03] EDIT sharktank/controllers/default.py: 0
[2017-02-03 01:50:12] EDIT sharktank/controllers/default.py: 0
[2017-02-03 01:50:19] EDIT sharktank/controllers/default.py: 0
[2017-02-03 01:50:36] EDIT sharktank/controllers/default.py: 0
[2017-02-03 01:51:35] EDIT sharktank/controllers/default.py: 0
[2017-02-03 02:09:34] EDIT sharktank/controllers/default.py: 1
[2017-02-03 02:10:25] EDIT sharktank/views/default/index.html: 5
[2017-02-03 02:10:51] EDIT sharktank/views/default/index.html: -1
[2017-02-03 02:11:19] EDIT sharktank/views/default/index.html: -2
[2017-02-03 02:11:37] EDIT sharktank/views/default/index.html: -2
[2017-02-03 02:12:47] EDIT sharktank/views/default/index.html: 2
[2017-02-03 02:14:03] EDIT sharktank/controllers/default.py: 8
[2017-02-03 02:14:22] EDIT sharktank/views/default/index.html: 6
[2017-02-03 02:15:02] EDIT sharktank/controllers/default.py: -8
[2017-02-03 02:15:28] EDIT sharktank/views/default/index.html: -1
[2017-02-03 02:16:48] EDIT sharktank/controllers/default.py: -1
[2017-02-03 02:17:22] EDIT sharktank/views/default/index.html: 0
[2017-02-03 02:17:38] EDIT sharktank/views/default/index.html: -2
[2017-02-03 02:18:08] EDIT sharktank/views/default/index.html: -5
[2017-02-03 02:19:39] EDIT sharktank/views/default/index.html: 2
[2017-02-03 02:20:20] EDIT sharktank/views/default/index.html: 2
[2017-02-03 02:22:20] EDIT sharktank/controllers/default.py: 0
[2017-02-03 02:26:37] EDIT sharktank/views/default/index.html: -2
[2017-02-03 02:27:10] EDIT sharktank/views/default/index.html: 1
[2017-02-03 02:27:36] DELETE sharktank/views/default/index.html.1: -41
[2017-02-11 20:28:11] EDIT sharktank/views/default/index.html: -9
[2017-02-11 20:28:27] EDIT sharktank/views/default/index.html: 0
[2017-02-11 20:29:44] EDIT sharktank/views/default/index.html: 0
[2017-02-11 20:31:06] EDIT sharktank/controllers/default.py: -1
[2017-02-11 20:31:14] EDIT sharktank/views/default/index.html: -1
[2017-02-11 20:31:35] EDIT sharktank/views/default/index.html: 10
[2017-02-11 20:32:45] EDIT sharktank/controllers/default.py: 1
[2017-02-11 20:32:56] EDIT sharktank/views/default/index.html: 1
[2017-02-11 20:34:12] EDIT sharktank/controllers/default.py: -1
[2017-02-11 20:34:26] EDIT sharktank/views/default/index.html: -1
[2017-02-11 20:34:34] EDIT sharktank/views/default/index.html: 0
[2017-02-11 20:38:11] EDIT sharktank/controllers/default.py: 3
[2017-02-11 20:39:08] EDIT sharktank/controllers/default.py: 0
[2017-02-11 20:39:21] EDIT sharktank/controllers/default.py: 0
[2017-02-11 20:41:17] EDIT sharktank/controllers/default.py: 0
[2017-02-11 20:41:25] EDIT sharktank/views/default/index.html: 0
[2017-02-26 23:14:26] EDIT sharktankv2/models/menu.py: 2
[2017-02-26 23:14:44] EDIT sharktankv2/models/menu.py: 0
[2017-02-26 23:15:26] EDIT sharktankv2/controllers/default.py: 1
[2017-02-26 23:16:25] EDIT sharktankv2/views/default/index.html: -4
[2017-02-26 23:19:23] EDIT sharktankv2/controllers/default.py: 0
[2017-02-26 23:19:25] EDIT sharktankv2/models/db.py: 0
[2017-02-26 23:19:27] EDIT sharktankv2/models/menu.py: 0
[2017-02-26 23:19:29] EDIT sharktankv2/views/default/about.html: 0
[2017-02-26 23:19:31] EDIT sharktankv2/views/default/create_idea.html: 0
[2017-02-26 23:19:33] EDIT sharktankv2/views/default/idea.html: 0
[2017-02-26 23:19:35] EDIT sharktankv2/views/default/logedIn.html: 0
[2017-02-26 23:21:04] EDIT sharktankv2/views/default/index.html: 0
[2017-02-26 23:21:45] EDIT sharktankv2/views/default/index.html: 0
[2017-02-26 23:22:11] EDIT sharktankv2/views/default/index.html: 0
[2017-02-26 23:23:14] EDIT sharktankv2/models/db.py: 0
[2017-02-26 23:23:37] EDIT sharktankv2/views/default/index.html: 0
[2017-02-26 23:23:57] EDIT sharktankv2/views/default/index.html: 0
[2017-02-26 23:23:57] EDIT sharktankv2/views/default/index.html: 0
[2017-02-26 23:23:59] EDIT sharktankv2/views/default/index.html: 0
[2017-02-26 23:23:59] EDIT sharktankv2/views/default/index.html: 0
[2017-02-26 23:24:02] EDIT sharktankv2/views/default/index.html: 0
[2017-02-26 23:24:02] EDIT sharktankv2/views/default/index.html: 0
[2017-02-26 23:24:02] EDIT sharktankv2/views/default/index.html: 0
[2017-02-26 23:24:02] EDIT sharktankv2/views/default/index.html: 0
[2017-02-26 23:24:22] EDIT sharktankv2/views/default/index.html: 0
[2017-02-26 23:24:39] EDIT sharktankv2/views/default/index.html: 0
[2017-02-26 23:28:06] EDIT sharktankv2/views/default/logedIn.html: 0
[2017-02-26 23:41:50] EDIT sharktankv2/controllers/default.py: 3
[2017-02-26 23:42:13] EDIT sharktankv2/views/default/logedIn.html: 5
[2017-02-26 23:45:41] EDIT sharktankv2/views/default/logedIn.html: -7
[2017-02-26 23:46:29] EDIT sharktankv2/controllers/default.py: 0
[2017-02-26 23:48:38] EDIT sharktankv2/controllers/default.py: 0
[2017-02-26 23:52:45] EDIT sharktankv2/controllers/default.py: 0
[2017-02-26 23:52:47] EDIT sharktankv2/models/db.py: 0
[2017-02-26 23:52:49] EDIT sharktankv2/models/menu.py: 0
[2017-02-26 23:52:51] EDIT sharktankv2/views/default/about.html: 0
[2017-02-26 23:52:53] EDIT sharktankv2/views/default/create_idea.html: 0
[2017-02-26 23:52:55] EDIT sharktankv2/views/default/idea.html: 0
[2017-02-26 23:52:57] EDIT sharktankv2/views/default/logedIn.html: 0
[2017-02-26 23:53:00] EDIT sharktankv2/views/default/index.html: 0
[2017-02-27 00:10:56] EDIT sharktankv2/controllers/default.py: 0
[2017-02-27 00:12:00] EDIT sharktankv2/controllers/default.py: -3
[2017-02-27 00:12:35] EDIT sharktankv2/views/default/logedIn.html: -7
[2017-02-27 00:13:43] EDIT sharktankv2/views/default/logedIn.html: 8
[2017-02-27 00:13:52] EDIT sharktankv2/views/default/logedIn.html: 0
[2017-02-27 00:13:54] EDIT sharktankv2/models/db.py: 0
[2017-02-27 00:13:56] EDIT sharktankv2/controllers/default.py: 0
[2017-02-28 00:27:55] EDIT sharktankv2/models/menu.py: -3
[2017-02-28 00:28:29] EDIT sharktankv2/models/menu.py: -3
[2017-02-28 00:29:25] EDIT sharktankv2/views/default/logedIn.html: -2
[2017-02-28 00:29:37] EDIT sharktankv2/views/default/logedIn.html: -1
[2017-02-28 00:29:53] EDIT sharktankv2/views/default/logedIn.html: -1
[2017-02-28 00:29:55] EDIT sharktankv2/views/default/logedIn.html: 0
[2017-02-28 00:29:57] EDIT sharktankv2/models/menu.py: 0
[2017-02-28 00:30:07] EDIT sharktankv2/models/db.py: 0
[2017-02-28 00:30:27] EDIT sharktankv2/models/db.py: 0
[2017-02-28 00:30:28] EDIT sharktankv2/models/menu.py: 0
[2017-02-28 00:30:31] EDIT sharktankv2/views/default/logedIn.html: 0
[2017-02-28 00:30:41] EDIT sharktankv2/views/default/logedIn.html: 0
[2017-02-28 00:30:44] EDIT sharktankv2/models/db.py: 0
[2017-02-28 00:30:46] EDIT sharktankv2/models/menu.py: 0
[2017-02-28 00:30:47] EDIT sharktankv2/views/default/logedIn.html: 0
[2017-02-28 00:30:48] EDIT sharktankv2/views/default/logedIn.html: 0
[2017-02-28 00:30:48] EDIT sharktankv2/views/default/logedIn.html: 0
